<?xml version="1.0" encoding="UTF-8"?>
<testng-results ignored="0" total="2" passed="2" failed="0" skipped="0">
  <reporter-output>
  </reporter-output>
  <suite started-at="2023-05-31T09:52:41 EET" name="Default suite" finished-at="2023-05-31T09:53:24 EET" duration-ms="43384">
    <groups>
    </groups>
    <test started-at="2023-05-31T09:52:41 EET" name="Default test" finished-at="2023-05-31T09:53:24 EET" duration-ms="43384">
      <class name="TestCasesAllProject">
        <test-method is-config="true" signature="before_test()[pri:0, instance:TestCasesAllProject@957e06]" started-at="2023-05-31T09:52:41 EET" name="before_test" finished-at="2023-05-31T09:52:47 EET" duration-ms="5699" status="PASS">
          <reporter-output>
          </reporter-output>
        </test-method> <!-- before_test -->
        <test-method signature="navigate_between_static_pages()[pri:1, instance:TestCasesAllProject@957e06]" started-at="2023-05-31T09:52:47 EET" name="navigate_between_static_pages" finished-at="2023-05-31T09:52:56 EET" duration-ms="9311" status="PASS">
          <reporter-output>
          </reporter-output>
        </test-method> <!-- navigate_between_static_pages -->
        <test-method signature="marketing_section()[pri:2, instance:TestCasesAllProject@957e06]" started-at="2023-05-31T09:52:56 EET" name="marketing_section" finished-at="2023-05-31T09:53:24 EET" duration-ms="28300" status="PASS">
          <reporter-output>
          </reporter-output>
        </test-method> <!-- marketing_section -->
      </class> <!-- TestCasesAllProject -->
    </test> <!-- Default test -->
  </suite> <!-- Default suite -->
</testng-results>
